15:52:59 **** Build of configuration Debug for project PWM ****
make -j8 all 
arm-none-eabi-gcc -mcpu=cortex-m4 -g3 -DDEBUG -c -x assembler-with-cpp -MMD -MP -MF"Startup/startup_stm32f411retx.d" -MT"Startup/startup_stm32f411retx.o" --specs=nano.specs -mfloat-abi=soft -mthumb -o "Startup/startup_stm32f411retx.o" "../Startup/startup_stm32f411retx.s"
arm-none-eabi-gcc "../Src/PWM_Main.c" -mcpu=cortex-m4 -std=gnu11 -g3 -DDEBUG -DNUCLEO_F411RE -DSTM32 -DSTM32F4 -DSTM32F411RETx -DSTM32F411xE -c -I../Inc -I"C:/Users/ezque/STM32CubeIDE/workspace_1.9.0/mcu_headers/CMSIS/Device/ST/STM32F4xx/Include" -I"C:/Users/ezque/STM32CubeIDE/workspace_1.9.0/mcu_headers/CMSIS/Include" -O0 -ffunction-sections -fdata-sections -Wall -fstack-usage -MMD -MP -MF"Src/PWM_Main.d" -MT"Src/PWM_Main.o" --specs=nano.specs -mfloat-abi=soft -mthumb -o "Src/PWM_Main.o"
arm-none-eabi-gcc "../Src/syscalls.c" -mcpu=cortex-m4 -std=gnu11 -g3 -DDEBUG -DNUCLEO_F411RE -DSTM32 -DSTM32F4 -DSTM32F411RETx -DSTM32F411xE -c -I../Inc -I"C:/Users/ezque/STM32CubeIDE/workspace_1.9.0/mcu_headers/CMSIS/Device/ST/STM32F4xx/Include" -I"C:/Users/ezque/STM32CubeIDE/workspace_1.9.0/mcu_headers/CMSIS/Include" -O0 -ffunction-sections -fdata-sections -Wall -fstack-usage -MMD -MP -MF"Src/syscalls.d" -MT"Src/syscalls.o" --specs=nano.specs -mfloat-abi=soft -mthumb -o "Src/syscalls.o"
arm-none-eabi-gcc "../Src/sysmem.c" -mcpu=cortex-m4 -std=gnu11 -g3 -DDEBUG -DNUCLEO_F411RE -DSTM32 -DSTM32F4 -DSTM32F411RETx -DSTM32F411xE -c -I../Inc -I"C:/Users/ezque/STM32CubeIDE/workspace_1.9.0/mcu_headers/CMSIS/Device/ST/STM32F4xx/Include" -I"C:/Users/ezque/STM32CubeIDE/workspace_1.9.0/mcu_headers/CMSIS/Include" -O0 -ffunction-sections -fdata-sections -Wall -fstack-usage -MMD -MP -MF"Src/sysmem.d" -MT"Src/sysmem.o" --specs=nano.specs -mfloat-abi=soft -mthumb -o "Src/sysmem.o"
../Src/PWM_Main.c:23:10: fatal error: GPIOxDriver.h: No such file or directory
   23 | #include "GPIOxDriver.h"
      |          ^~~~~~~~~~~~~~~
compilation terminated.
make: *** [Src/subdir.mk:25: Src/PWM_Main.o] Error 1
make: *** Waiting for unfinished jobs....
"make -j8 all" terminated with exit code 2. Build might be incomplete.

15:52:59 Build Failed. 3 errors, 0 warnings. (took 553ms)

